<?xml version="1.0" encoding="UTF-8"?>
<!-- Generated by org.testng.reporters.JUnitReportReporter -->
<testsuite hostname="WPLNXQVWDI30X4N" name="homework1.cn.homework1" tests="2" failures="0" timestamp="23 Aug 2016 09:26:09 GMT" time="13.585" errors="0">
  <testcase name="test2" time="6.234" classname="homework1.cn.homework1"/>
  <testcase name="test1" time="7.351" classname="homework1.cn.homework1"/>
</testsuite> <!-- homework1.cn.homework1 -->
