<?xml version="1.0" encoding="UTF-8"?>
<!-- Generated by org.testng.reporters.JUnitReportReporter -->
<testsuite hostname="WPLNXQVWDI30X4N" name="homework1.cn.homework1" tests="1" failures="0" timestamp="6 Sep 2016 07:38:19 GMT" time="13.270" errors="0">
  <testcase name="test2" time="13.270" classname="homework1.cn.homework1"/>
</testsuite> <!-- homework1.cn.homework1 -->
