<?xml version="1.0" encoding="UTF-8"?>
<!-- Generated by org.testng.reporters.JUnitReportReporter -->
<testsuite hostname="WPLNXQVWDI30X4N" name="group.cn.group1" tests="2" failures="0" timestamp="22 Aug 2016 06:44:55 GMT" time="0.022" errors="0">
  <testcase name="test1" time="0.021" classname="group.cn.group1"/>
  <testcase name="test3" time="0.001" classname="group.cn.group1"/>
</testsuite> <!-- group.cn.group1 -->
