<?xml version="1.0" encoding="UTF-8"?>
<!-- Generated by org.testng.reporters.JUnitReportReporter -->
<testsuite hostname="WPLNXQVWDI30X4N" name="selenium2.cn.homework21" tests="1" failures="0" timestamp="25 Aug 2016 12:40:00 GMT" time="101.095" errors="0">
  <testcase name="test1" time="101.095" classname="selenium2.cn.homework21"/>
</testsuite> <!-- selenium2.cn.homework21 -->
