<?xml version="1.0" encoding="UTF-8"?>
<!-- Generated by org.testng.reporters.JUnitReportReporter -->
<testsuite hostname="WPLNXQVWDI30X4N" name="homework1.cn.homework1" tests="1" failures="0" timestamp="5 Sep 2016 03:11:45 GMT" time="3.165" errors="0">
  <testcase name="test2" time="3.165" classname="homework1.cn.homework1"/>
</testsuite> <!-- homework1.cn.homework1 -->
