<?xml version="1.0" encoding="UTF-8"?>
<!-- Generated by org.testng.reporters.JUnitReportReporter -->
<testsuite hostname="WPLNXQVWDI30X4N" name="com.name.cn.ceshi" tests="1" failures="0" timestamp="21 Aug 2016 04:56:47 GMT" time="4.435" errors="0">
  <testcase name="test" time="4.435" classname="com.name.cn.ceshi"/>
</testsuite> <!-- com.name.cn.ceshi -->
