<?xml version="1.0" encoding="UTF-8"?>
<!-- Generated by org.testng.reporters.JUnitReportReporter -->
<testsuite hostname="WPLNXQVWDI30X4N" name="com.name.cn.OfPractiveIEOnTestng" tests="1" failures="0" timestamp="22 Aug 2016 02:32:32 GMT" time="2.905" errors="0">
  <testcase name="testbaidu" time="2.905" classname="com.name.cn.OfPractiveIEOnTestng"/>
</testsuite> <!-- com.name.cn.OfPractiveIEOnTestng -->
