<?xml version="1.0" encoding="UTF-8"?>
<!-- Generated by org.testng.reporters.JUnitReportReporter -->
<testsuite hostname="WPLNXQVWDI30X4N" name="selenium2.cn.homework2" tests="2" failures="0" timestamp="24 Aug 2016 05:51:04 GMT" time="13.394" errors="0">
  <testcase name="test2" time="6.769" classname="selenium2.cn.homework2"/>
  <testcase name="test1" time="6.625" classname="selenium2.cn.homework2"/>
</testsuite> <!-- selenium2.cn.homework2 -->
