<?xml version="1.0" encoding="UTF-8"?>
<!-- Generated by org.testng.reporters.JUnitReportReporter -->
<testsuite hostname="WPLNXQVWDI30X4N" name="selenium3.cn.webdriverApi" tests="1" failures="0" timestamp="4 Sep 2016 11:59:32 GMT" time="22.308" errors="0">
  <testcase name="ada" time="22.308" classname="selenium3.cn.webdriverApi"/>
</testsuite> <!-- selenium3.cn.webdriverApi -->
