<?xml version="1.0" encoding="UTF-8"?>
<!-- Generated by org.testng.reporters.JUnitReportReporter -->
<testsuite hostname="WPLNXQVWDI30X4N" name="com.name.cn.Practive1OnTestng" tests="2" failures="0" timestamp="22 Aug 2016 05:44:22 GMT" time="0.013" errors="0">
  <testcase name="test1" time="0.011" classname="com.name.cn.Practive1OnTestng"/>
  <testcase name="test2" time="0.002" classname="com.name.cn.Practive1OnTestng"/>
</testsuite> <!-- com.name.cn.Practive1OnTestng -->
