<?xml version="1.0" encoding="UTF-8"?>
<!-- Generated by org.testng.reporters.JUnitReportReporter -->
<testsuite hostname="WPLNXQVWDI30X4N" name="homework.cn.homework1" tests="1" failures="0" timestamp="23 Aug 2016 06:04:08 GMT" time="23.317" errors="0">
  <testcase name="firefoxstart" time="23.317" classname="homework.cn.homework1"/>
</testsuite> <!-- homework.cn.homework1 -->
