<?xml version="1.0" encoding="UTF-8"?>
<!-- Generated by org.testng.reporters.JUnitReportReporter -->
<testsuite hostname="WPLNXQVWDI30X4N" name="selenium3.cn.webdriverApi" tests="2" failures="0" timestamp="31 Aug 2016 03:52:36 GMT" time="8.180" errors="0">
  <testcase name="assertRegister" time="2.044" classname="selenium3.cn.webdriverApi"/>
  <testcase name="hrSelect" time="6.136" classname="selenium3.cn.webdriverApi"/>
</testsuite> <!-- selenium3.cn.webdriverApi -->
